Unity Editor version:    2020.3.18f1 (a7d1c678663c)
Branch:                  2020.3/staging
Build type:              Release
Batch mode:              YES
macOS version:           Version 11.4 (Build 20F71)
Darwin version:          20.5.0
Architecture:            x86_64
Running under Rosetta:   NO
Available memory:        16384 MB
Using pre-set license
Pro License: NO

COMMAND LINE ARGUMENTS:
/Applications/Unity/Hub/Editor/2020.3.18f1/Unity.app/Contents/MacOS/Unity
-adb2
-batchMode
-noUpm
-name
AssetImportWorker0
-projectPath
/Users/antony/Downloads/Fall2021/CS98/Hackathing1/Haunted-Game-Tutorial
-logFile
Logs/AssetImportWorker0.log
-srvPort
63574
Successfully changed project path to: /Users/antony/Downloads/Fall2021/CS98/Hackathing1/Haunted-Game-Tutorial
/Users/antony/Downloads/Fall2021/CS98/Hackathing1/Haunted-Game-Tutorial
Using Asset Import Pipeline V2.
Refreshing native plugins compatible for Editor in 145.68 ms, found 2 plugins.
Preloading 0 native plugins for Editor in 0.00 ms.
Initialize engine version: 2020.3.18f1 (a7d1c678663c)
[Subsystems] Discovering subsystems at path /Applications/Unity/Hub/Editor/2020.3.18f1/Unity.app/Contents/Resources/UnitySubsystems
[Subsystems] Discovering subsystems at path /Users/antony/Downloads/Fall2021/CS98/Hackathing1/Haunted-Game-Tutorial/Assets
GfxDevice: creating device client; threaded=0
2021-09-22 01:40:26.054 Unity[26672:600779] Color LCD preferred device: Intel(R) Iris(TM) Plus Graphics (low power)
2021-09-22 01:40:26.054 Unity[26672:600779] Metal devices available: 1
2021-09-22 01:40:26.054 Unity[26672:600779] 0: Intel(R) Iris(TM) Plus Graphics (low power)
2021-09-22 01:40:26.055 Unity[26672:600779] Using device Intel(R) Iris(TM) Plus Graphics (low power)
Initializing Metal device caps: Intel(R) Iris(TM) Plus Graphics
Initialize mono
Mono path[0] = '/Applications/Unity/Hub/Editor/2020.3.18f1/Unity.app/Contents/Managed'
Mono path[1] = '/Applications/Unity/Hub/Editor/2020.3.18f1/Unity.app/Contents/MonoBleedingEdge/lib/mono/unityjit'
Mono config path = '/Applications/Unity/Hub/Editor/2020.3.18f1/Unity.app/Contents/MonoBleedingEdge/etc'
Using monoOptions --debugger-agent=transport=dt_socket,embedding=1,server=y,suspend=n,address=127.0.0.1:56672
Begin MonoManager ReloadAssembly
Registering precompiled unity dll's ...
Register platform support module: /Applications/Unity/Hub/Editor/2020.3.18f1/Unity.app/Contents/PlaybackEngines/MacStandaloneSupport/UnityEditor.OSXStandalone.Extensions.dll
Registered in 0.001994 seconds.
Native extension for OSXStandalone target not found
Refreshing native plugins compatible for Editor in 59.66 ms, found 2 plugins.
Preloading 0 native plugins for Editor in 0.00 ms.
Mono: successfully reloaded assembly
- Completed reload, in  6.062 seconds
Domain Reload Profiling:
	ReloadAssembly (6063ms)
		BeginReloadAssembly (84ms)
			ExecutionOrderSort (0ms)
			DisableScriptedObjects (0ms)
			BackupInstance (0ms)
			ReleaseScriptingObjects (0ms)
			CreateAndSetChildDomain (1ms)
		EndReloadAssembly (668ms)
			LoadAssemblies (85ms)
			RebuildTransferFunctionScriptingTraits (0ms)
			SetupTypeCache (256ms)
			ReleaseScriptCaches (0ms)
			RebuildScriptCaches (55ms)
			SetupLoadedEditorAssemblies (283ms)
				LogAssemblyErrors (0ms)
				InitializePlatformSupportModulesInManaged (7ms)
				SetLoadedEditorAssemblies (0ms)
				RefreshPlugins (60ms)
				BeforeProcessingInitializeOnLoad (14ms)
				ProcessInitializeOnLoadAttributes (158ms)
				ProcessInitializeOnLoadMethodAttributes (43ms)
				AfterProcessingInitializeOnLoad (0ms)
				EditorAssembliesLoaded (0ms)
			ExecutionOrderSort2 (0ms)
			AwakeInstancesAfterBackupRestoration (0ms)
Platform modules already initialized, skipping
Registering precompiled user dll's ...
Registered in 0.016205 seconds.
Begin MonoManager ReloadAssembly
Native extension for OSXStandalone target not found
Refreshing native plugins compatible for Editor in 0.79 ms, found 2 plugins.
Preloading 0 native plugins for Editor in 0.00 ms.
Refreshing native plugins compatible for Editor in 0.48 ms, found 2 plugins.
Mono: successfully reloaded assembly
- Completed reload, in  1.992 seconds
Domain Reload Profiling:
	ReloadAssembly (1994ms)
		BeginReloadAssembly (283ms)
			ExecutionOrderSort (0ms)
			DisableScriptedObjects (8ms)
			BackupInstance (0ms)
			ReleaseScriptingObjects (0ms)
			CreateAndSetChildDomain (52ms)
		EndReloadAssembly (1605ms)
			LoadAssemblies (206ms)
			RebuildTransferFunctionScriptingTraits (0ms)
			SetupTypeCache (551ms)
			ReleaseScriptCaches (1ms)
			RebuildScriptCaches (98ms)
			SetupLoadedEditorAssemblies (602ms)
				LogAssemblyErrors (0ms)
				InitializePlatformSupportModulesInManaged (8ms)
				SetLoadedEditorAssemblies (1ms)
				RefreshPlugins (1ms)
				BeforeProcessingInitializeOnLoad (118ms)
				ProcessInitializeOnLoadAttributes (454ms)
				ProcessInitializeOnLoadMethodAttributes (19ms)
				AfterProcessingInitializeOnLoad (2ms)
				EditorAssembliesLoaded (0ms)
			ExecutionOrderSort2 (0ms)
			AwakeInstancesAfterBackupRestoration (12ms)
Platform modules already initialized, skipping
Validating Project structure ... 0.012227 seconds.
Shader import version has changed; will reimport all shaders...
Upgrading shader files ...0.020721 seconds.
Application.AssetDatabase Initial Script Refresh Start
RefreshInfo: InitialScriptRefreshV2(NoUpdateAssetOptions) scanfilter:  ... 1 filters
RefreshProfiler: Total: 0.000ms
Application.AssetDatabase Initial Script Refresh End
Application.AssetDatabase.Refresh Start
Application.AssetDatabase.Refresh End
RefreshInfo: StopAssetImportingV2(ForceSynchronousImport) scanfilter: 
RefreshProfiler: Total: 0.000ms
Launching external process: /Applications/Unity/Hub/Editor/2020.3.18f1/Unity.app/Contents/Tools/UnityShaderCompiler
Launched and connected shader compiler UnityShaderCompiler after 0.02 seconds
Initializing Unity extensions:
========================================================================
Worker process is ready to serve import requests
Refreshing native plugins compatible for Editor in 0.80 ms, found 2 plugins.
Preloading 0 native plugins for Editor in 0.00 ms.
Unloading 1918 Unused Serialized files (Serialized files now loaded: 0)
System memory in use before: 191.4 MB.
System memory in use after: 189.3 MB.

Unloading 168 unused Assets to reduce memory usage. Loaded Objects now: 2366.
Total: 5.449464 ms (FindLiveObjects: 0.367539 ms CreateObjectMapping: 0.121819 ms MarkObjects: 3.916068 ms  DeleteObjects: 1.042083 ms)

AssetImportParameters requested are different than current active one (requested -> active):
  custom:video-decoder-ogg-theora: a1e56fd34408186e4bbccfd4996cb3dc -> 
  custom:container-muxer-webm: aa71ff27fc2769a1b78a27578f13a17b -> 
  custom:container-demuxer-webm: 4f35f7cbe854078d1ac9338744f61a02 -> 
  custom:container-demuxer-ogg: 62fdf1f143b41e24485cea50d1cbac27 -> 
  custom:video-encoder-webm-vp8: eb34c28f22e8b96e1ab97ce403110664 -> 
  custom:framework-osx-AVFoundation: e770b220cccbd017edd2c1fefb359320 -> 
  custom:video-decoder-webm-vp8: 9c59270c3fd7afecdb556c50c9e8de78 -> 
  custom:audio-decoder-ogg-vorbis: bf7c407c2cedff20999df2af8eb42d56 -> 
  custom:audio-encoder-webm-vorbis: bf7c407c2cedff20999df2af8eb42d56 -> 
========================================================================
Received Import Request.
  path: Assets/Readme.asset
  artifactKey: Guid(5aa8565dc31eb3f4a97f05eb11fe8445) Importer(815301076,1909f56bfc062723c751e8b465ee728b)
Start importing Assets/Readme.asset using Guid(5aa8565dc31eb3f4a97f05eb11fe8445) Importer(815301076,1909f56bfc062723c751e8b465ee728b)  -> (artifact id: '78ee8df90693d827b51bc5f66f689e87') in 1.363274 seconds 
  Import took 1.367959 seconds .

========================================================================
Received Import Request.
  Time since last request: 499.101270 seconds.
  path: Assets/Models/Characters
  artifactKey: Guid(0a4baff46de2c5f42a4a87eb698b18ed) Importer(815301076,1909f56bfc062723c751e8b465ee728b)
Start importing Assets/Models/Characters using Guid(0a4baff46de2c5f42a4a87eb698b18ed) Importer(815301076,1909f56bfc062723c751e8b465ee728b)  -> (artifact id: 'bcf0abf1a7fc35b8a2d2cfade06a54c8') in 0.001908 seconds 
  Import took 0.005338 seconds .

========================================================================
Received Import Request.
  Time since last request: 0.017223 seconds.
  path: Assets/Models/Characters
  artifactKey: Guid(0a4baff46de2c5f42a4a87eb698b18ed) Importer(815301076,1909f56bfc062723c751e8b465ee728b)
Start importing Assets/Models/Characters using Guid(0a4baff46de2c5f42a4a87eb698b18ed) Importer(815301076,1909f56bfc062723c751e8b465ee728b)  -> (artifact id: 'bcf0abf1a7fc35b8a2d2cfade06a54c8') in 0.002982 seconds 
  Import took 0.007676 seconds .

========================================================================
Received Import Request.
  Time since last request: 0.208494 seconds.
  path: Assets/Models/Characters/Gargoyle.fbx
  artifactKey: Guid(d3312d02a690eda48bd6807bf5c78084) Importer(815301076,1909f56bfc062723c751e8b465ee728b)
Start importing Assets/Models/Characters/Gargoyle.fbx using Guid(d3312d02a690eda48bd6807bf5c78084) Importer(815301076,1909f56bfc062723c751e8b465ee728b)  -> (artifact id: 'befbbb75f1aa5d53cb47cc3987d16ae2') in 2.054550 seconds 
  Import took 2.060049 seconds .

========================================================================
Received Import Request.
  Time since last request: 0.005537 seconds.
  path: Assets/Models/Characters/Ghost.fbx
  artifactKey: Guid(563ac48ff656d49478fd93213f4c0eb8) Importer(815301076,1909f56bfc062723c751e8b465ee728b)
Start importing Assets/Models/Characters/Ghost.fbx using Guid(563ac48ff656d49478fd93213f4c0eb8) Importer(815301076,1909f56bfc062723c751e8b465ee728b)  -> (artifact id: '1ee07adb82aeaac093e28437fa095841') in 0.551374 seconds 
  Import took 0.555761 seconds .

========================================================================
Received Import Request.
  Time since last request: 0.000609 seconds.
  path: Assets/Models/Characters/JohnLemon.fbx
  artifactKey: Guid(b44f3940c4940544a8c2c6aee5fa086f) Importer(815301076,1909f56bfc062723c751e8b465ee728b)
Start importing Assets/Models/Characters/JohnLemon.fbx using Guid(b44f3940c4940544a8c2c6aee5fa086f) Importer(815301076,1909f56bfc062723c751e8b465ee728b)  -> (artifact id: '0288b43976cdcbae6ef2bd9fe633b91d') in 0.771213 seconds 
  Import took 0.774567 seconds .

========================================================================
Received Prepare
Registering precompiled user dll's ...
Registered in 0.010580 seconds.
Begin MonoManager ReloadAssembly
Native extension for OSXStandalone target not found
Refreshing native plugins compatible for Editor in 0.50 ms, found 2 plugins.
Preloading 0 native plugins for Editor in 0.00 ms.
Refreshing native plugins compatible for Editor in 0.91 ms, found 2 plugins.
Mono: successfully reloaded assembly
- Completed reload, in  1.734 seconds
Domain Reload Profiling:
	ReloadAssembly (1735ms)
		BeginReloadAssembly (198ms)
			ExecutionOrderSort (0ms)
			DisableScriptedObjects (6ms)
			BackupInstance (0ms)
			ReleaseScriptingObjects (0ms)
			CreateAndSetChildDomain (88ms)
		EndReloadAssembly (1444ms)
			LoadAssemblies (157ms)
			RebuildTransferFunctionScriptingTraits (0ms)
			SetupTypeCache (491ms)
			ReleaseScriptCaches (1ms)
			RebuildScriptCaches (76ms)
			SetupLoadedEditorAssemblies (513ms)
				LogAssemblyErrors (0ms)
				InitializePlatformSupportModulesInManaged (8ms)
				SetLoadedEditorAssemblies (1ms)
				RefreshPlugins (1ms)
				BeforeProcessingInitializeOnLoad (153ms)
				ProcessInitializeOnLoadAttributes (338ms)
				ProcessInitializeOnLoadMethodAttributes (10ms)
				AfterProcessingInitializeOnLoad (2ms)
				EditorAssembliesLoaded (0ms)
			ExecutionOrderSort2 (0ms)
			AwakeInstancesAfterBackupRestoration (14ms)
Platform modules already initialized, skipping
Refreshing native plugins compatible for Editor in 0.69 ms, found 2 plugins.
Preloading 0 native plugins for Editor in 0.00 ms.
Unloading 1865 Unused Serialized files (Serialized files now loaded: 0)
System memory in use before: 194.2 MB.
System memory in use after: 194.3 MB.

Unloading 34 unused Assets to reduce memory usage. Loaded Objects now: 2389.
Total: 4.448151 ms (FindLiveObjects: 0.296562 ms CreateObjectMapping: 0.119170 ms MarkObjects: 3.989607 ms  DeleteObjects: 0.041424 ms)

AssetImportParameters requested are different than current active one (requested -> active):
  custom:video-decoder-ogg-theora: a1e56fd34408186e4bbccfd4996cb3dc -> 
  custom:container-muxer-webm: aa71ff27fc2769a1b78a27578f13a17b -> 
  custom:container-demuxer-webm: 4f35f7cbe854078d1ac9338744f61a02 -> 
  custom:container-demuxer-ogg: 62fdf1f143b41e24485cea50d1cbac27 -> 
  custom:video-encoder-webm-vp8: eb34c28f22e8b96e1ab97ce403110664 -> 
  custom:framework-osx-AVFoundation: e770b220cccbd017edd2c1fefb359320 -> 
  custom:video-decoder-webm-vp8: 9c59270c3fd7afecdb556c50c9e8de78 -> 
  custom:audio-decoder-ogg-vorbis: bf7c407c2cedff20999df2af8eb42d56 -> 
  custom:audio-encoder-webm-vorbis: bf7c407c2cedff20999df2af8eb42d56 -> 
========================================================================
Received Import Request.
  Time since last request: 184.251082 seconds.
  path: Assets/Prefabs/Level.prefab
  artifactKey: Guid(549c69af39b84624b8a053537c407def) Importer(815301076,1909f56bfc062723c751e8b465ee728b)
Start importing Assets/Prefabs/Level.prefab using Guid(549c69af39b84624b8a053537c407def) Importer(815301076,1909f56bfc062723c751e8b465ee728b)  -> (artifact id: 'cab11568c6a373e98b7a413036d5f9df') in 5.828962 seconds 
  Import took 5.853730 seconds .

========================================================================
Received Import Request.
  Time since last request: 2.943274 seconds.
  path: Assets/Prefabs/JohnLemon.prefab
  artifactKey: Guid(400fd8c4985464ebe8d7bc64ad0ef674) Importer(815301076,1909f56bfc062723c751e8b465ee728b)
Start importing Assets/Prefabs/JohnLemon.prefab using Guid(400fd8c4985464ebe8d7bc64ad0ef674) Importer(815301076,1909f56bfc062723c751e8b465ee728b)  -> (artifact id: 'e5f0bc0a90dc1804268b2aafe91ff1a4') in 0.045038 seconds 
  Import took 0.050643 seconds .

========================================================================
Received Import Request.
  Time since last request: 152.721495 seconds.
  path: Assets/Animation/Animators
  artifactKey: Guid(3e1ff1aa196645e4a912d1c3bb76a860) Importer(815301076,1909f56bfc062723c751e8b465ee728b)
Start importing Assets/Animation/Animators using Guid(3e1ff1aa196645e4a912d1c3bb76a860) Importer(815301076,1909f56bfc062723c751e8b465ee728b)  -> (artifact id: '4392db6839efc0dd55eb322660518eab') in 0.002003 seconds 
  Import took 0.007669 seconds .

========================================================================
Received Import Request.
  Time since last request: 20.516931 seconds.
  path: Assets/Animation/Animators/New Animator Controller.controller
  artifactKey: Guid(2a2d244b37cae4255a674c635fd26a42) Importer(815301076,1909f56bfc062723c751e8b465ee728b)
Start importing Assets/Animation/Animators/New Animator Controller.controller using Guid(2a2d244b37cae4255a674c635fd26a42) Importer(815301076,1909f56bfc062723c751e8b465ee728b)  -> (artifact id: '8c00c926c987aca9b2f6076a1a788798') in 0.184058 seconds 
  Import took 0.187484 seconds .

========================================================================
Received Import Request.
  Time since last request: 5.577479 seconds.
  path: Assets/Animation/Animators/JohnLemon.controller
  artifactKey: Guid(2a2d244b37cae4255a674c635fd26a42) Importer(815301076,1909f56bfc062723c751e8b465ee728b)
Start importing Assets/Animation/Animators/JohnLemon.controller using Guid(2a2d244b37cae4255a674c635fd26a42) Importer(815301076,1909f56bfc062723c751e8b465ee728b)  -> (artifact id: 'b19d499038cceffd70fb8bb82ba4bfe2') in 0.007456 seconds 
  Import took 0.013056 seconds .

========================================================================
Received Import Request.
  Time since last request: 58.568451 seconds.
  path: Assets/Animation/Animation
  artifactKey: Guid(16c12986779f71343a6e6759d132b35e) Importer(815301076,1909f56bfc062723c751e8b465ee728b)
Start importing Assets/Animation/Animation using Guid(16c12986779f71343a6e6759d132b35e) Importer(815301076,1909f56bfc062723c751e8b465ee728b)  -> (artifact id: '0855df43b2a6b466047a4b4cb3967930') in 0.001789 seconds 
  Import took 0.005800 seconds .

========================================================================
Received Import Request.
  Time since last request: 0.003112 seconds.
  path: Assets/Animation/Animation
  artifactKey: Guid(16c12986779f71343a6e6759d132b35e) Importer(815301076,1909f56bfc062723c751e8b465ee728b)
Start importing Assets/Animation/Animation using Guid(16c12986779f71343a6e6759d132b35e) Importer(815301076,1909f56bfc062723c751e8b465ee728b)  -> (artifact id: '0855df43b2a6b466047a4b4cb3967930') in 0.002624 seconds 
  Import took 0.009592 seconds .

========================================================================
Received Import Request.
  Time since last request: 0.069053 seconds.
  path: Assets/Animation/Animation/Gargoyle@Idle.fbx
  artifactKey: Guid(475d389e70692ca4abb09caca1aef9ae) Importer(815301076,1909f56bfc062723c751e8b465ee728b)
Start importing Assets/Animation/Animation/Gargoyle@Idle.fbx using Guid(475d389e70692ca4abb09caca1aef9ae) Importer(815301076,1909f56bfc062723c751e8b465ee728b)  -> (artifact id: 'fffa9d172ed321a7e31ffdcdad015887') in 0.054017 seconds 
  Import took 0.059403 seconds .

========================================================================
Received Import Request.
  Time since last request: 0.000433 seconds.
  path: Assets/Animation/Animation/John@Idle.fbx
  artifactKey: Guid(873202b19b03a8a4e976f0b15d21cd24) Importer(815301076,1909f56bfc062723c751e8b465ee728b)
Start importing Assets/Animation/Animation/John@Idle.fbx using Guid(873202b19b03a8a4e976f0b15d21cd24) Importer(815301076,1909f56bfc062723c751e8b465ee728b)  -> (artifact id: '7b17d4892476b4a9034c4bd65f31d5c0') in 0.030295 seconds 
  Import took 0.033324 seconds .

========================================================================
Received Import Request.
  Time since last request: 0.000435 seconds.
  path: Assets/Animation/Animation/Ghost@Walk.fbx
  artifactKey: Guid(2017cad317b564c409a9e5bd02341461) Importer(815301076,1909f56bfc062723c751e8b465ee728b)
Start importing Assets/Animation/Animation/Ghost@Walk.fbx using Guid(2017cad317b564c409a9e5bd02341461) Importer(815301076,1909f56bfc062723c751e8b465ee728b)  -> (artifact id: '40f232f396e0c4b6bfa31afe9b01b087') in 0.028991 seconds 
  Import took 0.031912 seconds .

========================================================================
Received Import Request.
  Time since last request: 0.000518 seconds.
  path: Assets/Animation/Animation/John@Walk.fbx
  artifactKey: Guid(da1625e6a723d1745a6ba7f6565a130f) Importer(815301076,1909f56bfc062723c751e8b465ee728b)
Start importing Assets/Animation/Animation/John@Walk.fbx using Guid(da1625e6a723d1745a6ba7f6565a130f) Importer(815301076,1909f56bfc062723c751e8b465ee728b)  -> (artifact id: '8925afbfbdd1237237f8d8826e47c1ad') in 0.027499 seconds 
  Import took 0.030565 seconds .

========================================================================
Received Import Request.
  Time since last request: 0.000554 seconds.
  path: Assets/Animation/Animation/Ghost@Shower.fbx
  artifactKey: Guid(4c7b6999390a2c24498d13e4084b200f) Importer(815301076,1909f56bfc062723c751e8b465ee728b)
Start importing Assets/Animation/Animation/Ghost@Shower.fbx using Guid(4c7b6999390a2c24498d13e4084b200f) Importer(815301076,1909f56bfc062723c751e8b465ee728b)  -> (artifact id: '2362f5c3d5e128d5f29361afd6c65b01') in 0.024653 seconds 
  Import took 0.028620 seconds .

========================================================================
Received Import Request.
  Time since last request: 337.212322 seconds.
  path: Assets/Prefabs/JohnLemon.prefab
  artifactKey: Guid(400fd8c4985464ebe8d7bc64ad0ef674) Importer(815301076,1909f56bfc062723c751e8b465ee728b)
Start importing Assets/Prefabs/JohnLemon.prefab using Guid(400fd8c4985464ebe8d7bc64ad0ef674) Importer(815301076,1909f56bfc062723c751e8b465ee728b)  -> (artifact id: 'dbd708edb74dcb11a3ea0ec0dd25519e') in 0.056243 seconds 
  Import took 0.060843 seconds .

========================================================================
Received Import Request.
  Time since last request: 31.157273 seconds.
  path: Assets/Prefabs/JohnLemon.prefab
  artifactKey: Guid(400fd8c4985464ebe8d7bc64ad0ef674) Importer(815301076,1909f56bfc062723c751e8b465ee728b)
Start importing Assets/Prefabs/JohnLemon.prefab using Guid(400fd8c4985464ebe8d7bc64ad0ef674) Importer(815301076,1909f56bfc062723c751e8b465ee728b)  -> (artifact id: 'd7b3b754b9e7e1a1cf34b816633c4b7b') in 0.032659 seconds 
  Import took 0.039230 seconds .

========================================================================
Received Import Request.
  Time since last request: 19.185003 seconds.
  path: Assets/Animation/Animators/JohnLemon.controller
  artifactKey: Guid(2a2d244b37cae4255a674c635fd26a42) Importer(815301076,1909f56bfc062723c751e8b465ee728b)
Start importing Assets/Animation/Animators/JohnLemon.controller using Guid(2a2d244b37cae4255a674c635fd26a42) Importer(815301076,1909f56bfc062723c751e8b465ee728b)  -> (artifact id: '1b0eb0db083b50311612d18d2a109671') in 0.020533 seconds 
  Import took 0.024396 seconds .

========================================================================
Received Prepare
Registering precompiled user dll's ...
Registered in 0.009097 seconds.
Begin MonoManager ReloadAssembly
Native extension for OSXStandalone target not found
Refreshing native plugins compatible for Editor in 0.51 ms, found 2 plugins.
Preloading 0 native plugins for Editor in 0.00 ms.
Refreshing native plugins compatible for Editor in 0.77 ms, found 2 plugins.
Mono: successfully reloaded assembly
- Completed reload, in  1.666 seconds
Domain Reload Profiling:
	ReloadAssembly (1666ms)
		BeginReloadAssembly (209ms)
			ExecutionOrderSort (0ms)
			DisableScriptedObjects (8ms)
			BackupInstance (0ms)
			ReleaseScriptingObjects (0ms)
			CreateAndSetChildDomain (90ms)
		EndReloadAssembly (1361ms)
			LoadAssemblies (144ms)
			RebuildTransferFunctionScriptingTraits (0ms)
			SetupTypeCache (462ms)
			ReleaseScriptCaches (2ms)
			RebuildScriptCaches (82ms)
			SetupLoadedEditorAssemblies (476ms)
				LogAssemblyErrors (0ms)
				InitializePlatformSupportModulesInManaged (6ms)
				SetLoadedEditorAssemblies (0ms)
				RefreshPlugins (1ms)
				BeforeProcessingInitializeOnLoad (143ms)
				ProcessInitializeOnLoadAttributes (315ms)
				ProcessInitializeOnLoadMethodAttributes (9ms)
				AfterProcessingInitializeOnLoad (2ms)
				EditorAssembliesLoaded (0ms)
			ExecutionOrderSort2 (0ms)
			AwakeInstancesAfterBackupRestoration (21ms)
Platform modules already initialized, skipping
Refreshing native plugins compatible for Editor in 0.58 ms, found 2 plugins.
Preloading 0 native plugins for Editor in 0.00 ms.
Unloading 1865 Unused Serialized files (Serialized files now loaded: 0)
System memory in use before: 277.3 MB.
System memory in use after: 277.4 MB.

Unloading 34 unused Assets to reduce memory usage. Loaded Objects now: 2410.
Total: 4.647985 ms (FindLiveObjects: 0.276769 ms CreateObjectMapping: 0.064388 ms MarkObjects: 4.190304 ms  DeleteObjects: 0.113677 ms)

AssetImportParameters requested are different than current active one (requested -> active):
  custom:video-decoder-ogg-theora: a1e56fd34408186e4bbccfd4996cb3dc -> 
  custom:container-muxer-webm: aa71ff27fc2769a1b78a27578f13a17b -> 
  custom:container-demuxer-webm: 4f35f7cbe854078d1ac9338744f61a02 -> 
  custom:container-demuxer-ogg: 62fdf1f143b41e24485cea50d1cbac27 -> 
  custom:video-encoder-webm-vp8: eb34c28f22e8b96e1ab97ce403110664 -> 
  custom:framework-osx-AVFoundation: e770b220cccbd017edd2c1fefb359320 -> 
  custom:video-decoder-webm-vp8: 9c59270c3fd7afecdb556c50c9e8de78 -> 
  custom:audio-decoder-ogg-vorbis: bf7c407c2cedff20999df2af8eb42d56 -> 
  custom:audio-encoder-webm-vorbis: bf7c407c2cedff20999df2af8eb42d56 -> 
========================================================================
Received Import Request.
  Time since last request: 77.770278 seconds.
  path: Assets/Audio/SFXBuzzingLight.wav
  artifactKey: Guid(86e0f005f0b8e084698c2cf61bb6c2b6) Importer(815301076,1909f56bfc062723c751e8b465ee728b)
Start importing Assets/Audio/SFXBuzzingLight.wav using Guid(86e0f005f0b8e084698c2cf61bb6c2b6) Importer(815301076,1909f56bfc062723c751e8b465ee728b)  -> (artifact id: 'e5b16e0c48fb84c7cf4df80f11e25efb') in 1.479491 seconds 
  Import took 1.484054 seconds .

========================================================================
Received Import Request.
  Time since last request: 0.011625 seconds.
  path: Assets/Audio/SFXHouseAmbience.wav
  artifactKey: Guid(205287722f2b6b64583b86d65fdeeb11) Importer(815301076,1909f56bfc062723c751e8b465ee728b)
Start importing Assets/Audio/SFXHouseAmbience.wav using Guid(205287722f2b6b64583b86d65fdeeb11) Importer(815301076,1909f56bfc062723c751e8b465ee728b)  -> (artifact id: '71fe79958f431af41c531b3e6a4f2dbc') in 0.018056 seconds 
  Import took 0.024406 seconds .

========================================================================
Received Import Request.
  Time since last request: 0.000361 seconds.
  path: Assets/Audio/SFXWin.wav
  artifactKey: Guid(c0f716a9e9ac00c438b95158ba195a58) Importer(815301076,1909f56bfc062723c751e8b465ee728b)
Start importing Assets/Audio/SFXWin.wav using Guid(c0f716a9e9ac00c438b95158ba195a58) Importer(815301076,1909f56bfc062723c751e8b465ee728b)  -> (artifact id: '98db76eccbf1f056ec71e1d0c9953d79') in 0.018567 seconds 
  Import took 0.024285 seconds .

========================================================================
Received Import Request.
  Time since last request: 0.000348 seconds.
  path: Assets/Audio/SFXFootstepsLooping.wav
  artifactKey: Guid(07e520bb410492d47bf739846d70f2a3) Importer(815301076,1909f56bfc062723c751e8b465ee728b)
Start importing Assets/Audio/SFXFootstepsLooping.wav using Guid(07e520bb410492d47bf739846d70f2a3) Importer(815301076,1909f56bfc062723c751e8b465ee728b)  -> (artifact id: '963e72f449ba1a89941eee1cb12c20d1') in 0.013110 seconds 
  Import took 0.016849 seconds .

========================================================================
Received Import Request.
  Time since last request: 0.000233 seconds.
  path: Assets/Audio/SFXGhostMove.wav
  artifactKey: Guid(98ea14dfdb9dce74a976520f134fd1a2) Importer(815301076,1909f56bfc062723c751e8b465ee728b)
Start importing Assets/Audio/SFXGhostMove.wav using Guid(98ea14dfdb9dce74a976520f134fd1a2) Importer(815301076,1909f56bfc062723c751e8b465ee728b)  -> (artifact id: '7796f243ccd92860f8f23e3d066716a2') in 0.011934 seconds 
  Import took 0.014992 seconds .

========================================================================
Received Import Request.
  Time since last request: 0.000271 seconds.
  path: Assets/Audio/SFXGameOver.wav
  artifactKey: Guid(2789d5ce62baaba4ab1ee8bb172304a6) Importer(815301076,1909f56bfc062723c751e8b465ee728b)
Start importing Assets/Audio/SFXGameOver.wav using Guid(2789d5ce62baaba4ab1ee8bb172304a6) Importer(815301076,1909f56bfc062723c751e8b465ee728b)  -> (artifact id: '00e3fdbd5e1d8f1e268bef409cf70aae') in 0.009370 seconds 
  Import took 0.012368 seconds .

========================================================================
Received Import Request.
  Time since last request: 0.000254 seconds.
  path: Assets/Audio/SFXCandle.wav
  artifactKey: Guid(dd7f55e125ee8f947b2f399e20aeec8c) Importer(815301076,1909f56bfc062723c751e8b465ee728b)
Start importing Assets/Audio/SFXCandle.wav using Guid(dd7f55e125ee8f947b2f399e20aeec8c) Importer(815301076,1909f56bfc062723c751e8b465ee728b)  -> (artifact id: '37b32957ed4fdc0584c1dfa82b44fc72') in 0.009141 seconds 
  Import took 0.011874 seconds .

========================================================================
Received Import Request.
  Time since last request: 12.708854 seconds.
  path: Assets/Prefabs/JohnLemon.prefab
  artifactKey: Guid(400fd8c4985464ebe8d7bc64ad0ef674) Importer(815301076,1909f56bfc062723c751e8b465ee728b)
Start importing Assets/Prefabs/JohnLemon.prefab using Guid(400fd8c4985464ebe8d7bc64ad0ef674) Importer(815301076,1909f56bfc062723c751e8b465ee728b)  -> (artifact id: '3eb7b309b65d1b8a63a255ac814d599e') in 0.065379 seconds 
  Import took 0.069225 seconds .

========================================================================
Received Import Request.
  Time since last request: 701.360612 seconds.
  path: Assets/Prefabs/JohnLemon.prefab
  artifactKey: Guid(400fd8c4985464ebe8d7bc64ad0ef674) Importer(815301076,1909f56bfc062723c751e8b465ee728b)
Start importing Assets/Prefabs/JohnLemon.prefab using Guid(400fd8c4985464ebe8d7bc64ad0ef674) Importer(815301076,1909f56bfc062723c751e8b465ee728b)  -> (artifact id: '551a65822a3890f7f36acc5126e99f2c') in 0.063876 seconds 
  Import took 0.068435 seconds .

========================================================================
Received Import Request.
  Time since last request: 12.867773 seconds.
  path: Assets/Prefabs/JohnLemon.prefab
  artifactKey: Guid(400fd8c4985464ebe8d7bc64ad0ef674) Importer(815301076,1909f56bfc062723c751e8b465ee728b)
Start importing Assets/Prefabs/JohnLemon.prefab using Guid(400fd8c4985464ebe8d7bc64ad0ef674) Importer(815301076,1909f56bfc062723c751e8b465ee728b)  -> (artifact id: 'e67f5e69973e07163466e8aef5562aaa') in 0.030515 seconds 
  Import took 0.036274 seconds .

========================================================================
Received Import Request.
  Time since last request: 0.366166 seconds.
  path: Assets/Prefabs/JohnLemon.prefab
  artifactKey: Guid(400fd8c4985464ebe8d7bc64ad0ef674) Importer(815301076,1909f56bfc062723c751e8b465ee728b)
Start importing Assets/Prefabs/JohnLemon.prefab using Guid(400fd8c4985464ebe8d7bc64ad0ef674) Importer(815301076,1909f56bfc062723c751e8b465ee728b)  -> (artifact id: '547a5d1eb37776cb26e84615c8bd2c8e') in 0.031735 seconds 
  Import took 0.037690 seconds .

========================================================================
Received Import Request.
  Time since last request: 19.939976 seconds.
  path: Assets/Prefabs/JohnLemon.prefab
  artifactKey: Guid(400fd8c4985464ebe8d7bc64ad0ef674) Importer(815301076,1909f56bfc062723c751e8b465ee728b)
Start importing Assets/Prefabs/JohnLemon.prefab using Guid(400fd8c4985464ebe8d7bc64ad0ef674) Importer(815301076,1909f56bfc062723c751e8b465ee728b)  -> (artifact id: 'ef75e4b225320d9d345b1887f790c0be') in 0.039060 seconds 
  Import took 0.044030 seconds .

========================================================================
Received Import Request.
  Time since last request: 0.001933 seconds.
  path: Assets/Prefabs/JohnLemon.prefab
  artifactKey: Guid(400fd8c4985464ebe8d7bc64ad0ef674) Importer(815301076,1909f56bfc062723c751e8b465ee728b)
Start importing Assets/Prefabs/JohnLemon.prefab using Guid(400fd8c4985464ebe8d7bc64ad0ef674) Importer(815301076,1909f56bfc062723c751e8b465ee728b)  -> (artifact id: 'ef75e4b225320d9d345b1887f790c0be') in 0.043825 seconds 
  Import took 0.050024 seconds .

========================================================================
Received Import Request.
  Time since last request: 1.150013 seconds.
  path: Assets/Prefabs/JohnLemon.prefab
  artifactKey: Guid(400fd8c4985464ebe8d7bc64ad0ef674) Importer(815301076,1909f56bfc062723c751e8b465ee728b)
Start importing Assets/Prefabs/JohnLemon.prefab using Guid(400fd8c4985464ebe8d7bc64ad0ef674) Importer(815301076,1909f56bfc062723c751e8b465ee728b)  -> (artifact id: '3c85a3368ede975868e948efec9f5159') in 0.036333 seconds 
  Import took 0.041244 seconds .

========================================================================
Received Import Request.
  Time since last request: 0.379575 seconds.
  path: Assets/Prefabs/JohnLemon.prefab
  artifactKey: Guid(400fd8c4985464ebe8d7bc64ad0ef674) Importer(815301076,1909f56bfc062723c751e8b465ee728b)
Start importing Assets/Prefabs/JohnLemon.prefab using Guid(400fd8c4985464ebe8d7bc64ad0ef674) Importer(815301076,1909f56bfc062723c751e8b465ee728b)  -> (artifact id: 'faebc1233f7bc8b4168fa26af9b64e70') in 0.039311 seconds 
  Import took 0.050540 seconds .

========================================================================
Received Import Request.
  Time since last request: 101.004255 seconds.
  path: Assets/Prefabs/JohnLemon.prefab
  artifactKey: Guid(400fd8c4985464ebe8d7bc64ad0ef674) Importer(815301076,1909f56bfc062723c751e8b465ee728b)
Start importing Assets/Prefabs/JohnLemon.prefab using Guid(400fd8c4985464ebe8d7bc64ad0ef674) Importer(815301076,1909f56bfc062723c751e8b465ee728b)  -> (artifact id: 'f750b044c039933a4f8c6a7ae449c6a7') in 0.030400 seconds 
  Import took 0.034921 seconds .

========================================================================
Received Import Request.
  Time since last request: 31.603480 seconds.
  path: Assets/Prefabs/JohnLemon.prefab
  artifactKey: Guid(400fd8c4985464ebe8d7bc64ad0ef674) Importer(815301076,1909f56bfc062723c751e8b465ee728b)
Start importing Assets/Prefabs/JohnLemon.prefab using Guid(400fd8c4985464ebe8d7bc64ad0ef674) Importer(815301076,1909f56bfc062723c751e8b465ee728b)  -> (artifact id: 'ba344ba63fbb6dbfa90df24b5e117898') in 0.035305 seconds 
  Import took 0.041004 seconds .

========================================================================
Received Import Request.
  Time since last request: 4.636610 seconds.
  path: Assets/Prefabs/JohnLemon.prefab
  artifactKey: Guid(400fd8c4985464ebe8d7bc64ad0ef674) Importer(815301076,1909f56bfc062723c751e8b465ee728b)
Start importing Assets/Prefabs/JohnLemon.prefab using Guid(400fd8c4985464ebe8d7bc64ad0ef674) Importer(815301076,1909f56bfc062723c751e8b465ee728b)  -> (artifact id: '241f1240e6f9e72235ad957d89890d09') in 0.030845 seconds 
  Import took 0.035823 seconds .

========================================================================
Received Import Request.
  Time since last request: 8.145623 seconds.
  path: Assets/Prefabs/JohnLemon.prefab
  artifactKey: Guid(400fd8c4985464ebe8d7bc64ad0ef674) Importer(815301076,1909f56bfc062723c751e8b465ee728b)
Start importing Assets/Prefabs/JohnLemon.prefab using Guid(400fd8c4985464ebe8d7bc64ad0ef674) Importer(815301076,1909f56bfc062723c751e8b465ee728b)  -> (artifact id: '3febc00e2cf03f7c3fcda8ddc888c25e') in 0.029678 seconds 
  Import took 0.034954 seconds .

========================================================================
Received Import Request.
  Time since last request: 28.067318 seconds.
  path: Assets/Prefabs/JohnLemon.prefab
  artifactKey: Guid(400fd8c4985464ebe8d7bc64ad0ef674) Importer(815301076,1909f56bfc062723c751e8b465ee728b)
Start importing Assets/Prefabs/JohnLemon.prefab using Guid(400fd8c4985464ebe8d7bc64ad0ef674) Importer(815301076,1909f56bfc062723c751e8b465ee728b)  -> (artifact id: 'ebaf9a6522a3d7f0d2751a2a656db61b') in 0.037180 seconds 
  Import took 0.043008 seconds .

========================================================================
Received Prepare
Registering precompiled user dll's ...
Registered in 0.007995 seconds.
Begin MonoManager ReloadAssembly
Native extension for OSXStandalone target not found
Refreshing native plugins compatible for Editor in 0.56 ms, found 2 plugins.
Preloading 0 native plugins for Editor in 0.00 ms.
Refreshing native plugins compatible for Editor in 0.51 ms, found 2 plugins.
Mono: successfully reloaded assembly
- Completed reload, in  1.322 seconds
Domain Reload Profiling:
	ReloadAssembly (1322ms)
		BeginReloadAssembly (168ms)
			ExecutionOrderSort (0ms)
			DisableScriptedObjects (6ms)
			BackupInstance (0ms)
			ReleaseScriptingObjects (0ms)
			CreateAndSetChildDomain (81ms)
		EndReloadAssembly (1080ms)
			LoadAssemblies (109ms)
			RebuildTransferFunctionScriptingTraits (0ms)
			SetupTypeCache (381ms)
			ReleaseScriptCaches (1ms)
			RebuildScriptCaches (60ms)
			SetupLoadedEditorAssemblies (369ms)
				LogAssemblyErrors (0ms)
				InitializePlatformSupportModulesInManaged (5ms)
				SetLoadedEditorAssemblies (0ms)
				RefreshPlugins (1ms)
				BeforeProcessingInitializeOnLoad (114ms)
				ProcessInitializeOnLoadAttributes (240ms)
				ProcessInitializeOnLoadMethodAttributes (7ms)
				AfterProcessingInitializeOnLoad (1ms)
				EditorAssembliesLoaded (0ms)
			ExecutionOrderSort2 (0ms)
			AwakeInstancesAfterBackupRestoration (16ms)
Platform modules already initialized, skipping
Refreshing native plugins compatible for Editor in 0.51 ms, found 2 plugins.
Preloading 0 native plugins for Editor in 0.00 ms.
Unloading 1866 Unused Serialized files (Serialized files now loaded: 0)
System memory in use before: 282.3 MB.
System memory in use after: 282.4 MB.

Unloading 33 unused Assets to reduce memory usage. Loaded Objects now: 2427.
Total: 2.966237 ms (FindLiveObjects: 0.168133 ms CreateObjectMapping: 0.054354 ms MarkObjects: 2.720999 ms  DeleteObjects: 0.021794 ms)

AssetImportParameters requested are different than current active one (requested -> active):
  custom:video-decoder-ogg-theora: a1e56fd34408186e4bbccfd4996cb3dc -> 
  custom:container-muxer-webm: aa71ff27fc2769a1b78a27578f13a17b -> 
  custom:container-demuxer-webm: 4f35f7cbe854078d1ac9338744f61a02 -> 
  custom:container-demuxer-ogg: 62fdf1f143b41e24485cea50d1cbac27 -> 
  custom:video-encoder-webm-vp8: eb34c28f22e8b96e1ab97ce403110664 -> 
  custom:framework-osx-AVFoundation: e770b220cccbd017edd2c1fefb359320 -> 
  custom:video-decoder-webm-vp8: 9c59270c3fd7afecdb556c50c9e8de78 -> 
  custom:audio-decoder-ogg-vorbis: bf7c407c2cedff20999df2af8eb42d56 -> 
  custom:audio-encoder-webm-vorbis: bf7c407c2cedff20999df2af8eb42d56 -> 
========================================================================
Received Import Request.
  Time since last request: 52.117051 seconds.
  path: Assets/Scripts/NewBehaviourScript.cs
  artifactKey: Guid(5607a0f08f09d4f6481b49ab1663ab96) Importer(815301076,1909f56bfc062723c751e8b465ee728b)
Start importing Assets/Scripts/NewBehaviourScript.cs using Guid(5607a0f08f09d4f6481b49ab1663ab96) Importer(815301076,1909f56bfc062723c751e8b465ee728b)  -> (artifact id: 'f40f2767f9a50924d153eed0588ddbae') in 0.873304 seconds 
  Import took 0.876235 seconds .

========================================================================
Received Import Request.
  Time since last request: 2.872886 seconds.
  path: Assets/Scripts
  artifactKey: Guid(4b32d296f22ef544caf49758d8111991) Importer(815301076,1909f56bfc062723c751e8b465ee728b)
Start importing Assets/Scripts using Guid(4b32d296f22ef544caf49758d8111991) Importer(815301076,1909f56bfc062723c751e8b465ee728b)  -> (artifact id: '2d528e37f5c49bf418a7f0cc4e296a1f') in 0.001422 seconds 
  Import took 0.005773 seconds .

========================================================================
Received Import Request.
  Time since last request: 7.997329 seconds.
  path: Assets/Scripts/PlayerMovement.cs
  artifactKey: Guid(5607a0f08f09d4f6481b49ab1663ab96) Importer(815301076,1909f56bfc062723c751e8b465ee728b)
Start importing Assets/Scripts/PlayerMovement.cs using Guid(5607a0f08f09d4f6481b49ab1663ab96) Importer(815301076,1909f56bfc062723c751e8b465ee728b)  -> (artifact id: 'ebee03cc856218ec521a46ab8e185a04') in 0.002234 seconds 
  Import took 0.006481 seconds .

========================================================================
Received Prepare
Registering precompiled user dll's ...
Registered in 0.008197 seconds.
Begin MonoManager ReloadAssembly
Native extension for OSXStandalone target not found
Refreshing native plugins compatible for Editor in 0.51 ms, found 2 plugins.
Preloading 0 native plugins for Editor in 0.00 ms.
Refreshing native plugins compatible for Editor in 0.51 ms, found 2 plugins.
Mono: successfully reloaded assembly
- Completed reload, in  1.484 seconds
Domain Reload Profiling:
	ReloadAssembly (1485ms)
		BeginReloadAssembly (183ms)
			ExecutionOrderSort (0ms)
			DisableScriptedObjects (5ms)
			BackupInstance (0ms)
			ReleaseScriptingObjects (0ms)
			CreateAndSetChildDomain (76ms)
		EndReloadAssembly (1219ms)
			LoadAssemblies (210ms)
			RebuildTransferFunctionScriptingTraits (0ms)
			SetupTypeCache (381ms)
			ReleaseScriptCaches (1ms)
			RebuildScriptCaches (60ms)
			SetupLoadedEditorAssemblies (431ms)
				LogAssemblyErrors (0ms)
				InitializePlatformSupportModulesInManaged (5ms)
				SetLoadedEditorAssemblies (0ms)
				RefreshPlugins (1ms)
				BeforeProcessingInitializeOnLoad (118ms)
				ProcessInitializeOnLoadAttributes (295ms)
				ProcessInitializeOnLoadMethodAttributes (9ms)
				AfterProcessingInitializeOnLoad (2ms)
				EditorAssembliesLoaded (0ms)
			ExecutionOrderSort2 (0ms)
			AwakeInstancesAfterBackupRestoration (17ms)
Platform modules already initialized, skipping
Refreshing native plugins compatible for Editor in 0.56 ms, found 2 plugins.
Preloading 0 native plugins for Editor in 0.00 ms.
Unloading 1866 Unused Serialized files (Serialized files now loaded: 0)
System memory in use before: 286.7 MB.
System memory in use after: 286.8 MB.

Unloading 33 unused Assets to reduce memory usage. Loaded Objects now: 2440.
Total: 3.052035 ms (FindLiveObjects: 0.168178 ms CreateObjectMapping: 0.051752 ms MarkObjects: 2.801964 ms  DeleteObjects: 0.028886 ms)

AssetImportParameters requested are different than current active one (requested -> active):
  custom:video-decoder-ogg-theora: a1e56fd34408186e4bbccfd4996cb3dc -> 
  custom:container-muxer-webm: aa71ff27fc2769a1b78a27578f13a17b -> 
  custom:container-demuxer-webm: 4f35f7cbe854078d1ac9338744f61a02 -> 
  custom:container-demuxer-ogg: 62fdf1f143b41e24485cea50d1cbac27 -> 
  custom:video-encoder-webm-vp8: eb34c28f22e8b96e1ab97ce403110664 -> 
  custom:framework-osx-AVFoundation: e770b220cccbd017edd2c1fefb359320 -> 
  custom:video-decoder-webm-vp8: 9c59270c3fd7afecdb556c50c9e8de78 -> 
  custom:audio-decoder-ogg-vorbis: bf7c407c2cedff20999df2af8eb42d56 -> 
  custom:audio-encoder-webm-vorbis: bf7c407c2cedff20999df2af8eb42d56 -> 
========================================================================
Received Prepare
Registering precompiled user dll's ...
Registered in 0.007652 seconds.
Begin MonoManager ReloadAssembly
Native extension for OSXStandalone target not found
Refreshing native plugins compatible for Editor in 0.51 ms, found 2 plugins.
Preloading 0 native plugins for Editor in 0.00 ms.
Refreshing native plugins compatible for Editor in 0.56 ms, found 2 plugins.
Mono: successfully reloaded assembly
- Completed reload, in  1.500 seconds
Domain Reload Profiling:
	ReloadAssembly (1518ms)
		BeginReloadAssembly (252ms)
			ExecutionOrderSort (0ms)
			DisableScriptedObjects (13ms)
			BackupInstance (0ms)
			ReleaseScriptingObjects (0ms)
			CreateAndSetChildDomain (133ms)
		EndReloadAssembly (1187ms)
			LoadAssemblies (117ms)
			RebuildTransferFunctionScriptingTraits (0ms)
			SetupTypeCache (430ms)
			ReleaseScriptCaches (1ms)
			RebuildScriptCaches (59ms)
			SetupLoadedEditorAssemblies (402ms)
				LogAssemblyErrors (0ms)
				InitializePlatformSupportModulesInManaged (8ms)
				SetLoadedEditorAssemblies (1ms)
				RefreshPlugins (1ms)
				BeforeProcessingInitializeOnLoad (134ms)
				ProcessInitializeOnLoadAttributes (249ms)
				ProcessInitializeOnLoadMethodAttributes (8ms)
				AfterProcessingInitializeOnLoad (1ms)
				EditorAssembliesLoaded (0ms)
			ExecutionOrderSort2 (0ms)
			AwakeInstancesAfterBackupRestoration (19ms)
Platform modules already initialized, skipping
Refreshing native plugins compatible for Editor in 0.57 ms, found 2 plugins.
Preloading 0 native plugins for Editor in 0.00 ms.
Unloading 1866 Unused Serialized files (Serialized files now loaded: 0)
System memory in use before: 286.9 MB.
System memory in use after: 287.0 MB.

Unloading 33 unused Assets to reduce memory usage. Loaded Objects now: 2453.
Total: 2.986948 ms (FindLiveObjects: 0.185961 ms CreateObjectMapping: 0.058272 ms MarkObjects: 2.696362 ms  DeleteObjects: 0.045351 ms)

AssetImportParameters requested are different than current active one (requested -> active):
  custom:video-decoder-ogg-theora: a1e56fd34408186e4bbccfd4996cb3dc -> 
  custom:container-muxer-webm: aa71ff27fc2769a1b78a27578f13a17b -> 
  custom:container-demuxer-webm: 4f35f7cbe854078d1ac9338744f61a02 -> 
  custom:container-demuxer-ogg: 62fdf1f143b41e24485cea50d1cbac27 -> 
  custom:video-encoder-webm-vp8: eb34c28f22e8b96e1ab97ce403110664 -> 
  custom:framework-osx-AVFoundation: e770b220cccbd017edd2c1fefb359320 -> 
  custom:video-decoder-webm-vp8: 9c59270c3fd7afecdb556c50c9e8de78 -> 
  custom:audio-decoder-ogg-vorbis: bf7c407c2cedff20999df2af8eb42d56 -> 
  custom:audio-encoder-webm-vorbis: bf7c407c2cedff20999df2af8eb42d56 -> 
========================================================================
Received Import Request.
  Time since last request: 643.384920 seconds.
  path: Assets/Scripts/PlayerMovement.cs
  artifactKey: Guid(5607a0f08f09d4f6481b49ab1663ab96) Importer(815301076,1909f56bfc062723c751e8b465ee728b)
Start importing Assets/Scripts/PlayerMovement.cs using Guid(5607a0f08f09d4f6481b49ab1663ab96) Importer(815301076,1909f56bfc062723c751e8b465ee728b)  -> (artifact id: 'd9b8da2045baab549d7106b01a068086') in 0.008833 seconds 
  Import took 0.012140 seconds .

========================================================================
Received Prepare
Registering precompiled user dll's ...
Registered in 0.009121 seconds.
Begin MonoManager ReloadAssembly
Native extension for OSXStandalone target not found
Refreshing native plugins compatible for Editor in 0.60 ms, found 2 plugins.
Preloading 0 native plugins for Editor in 0.00 ms.
Refreshing native plugins compatible for Editor in 0.52 ms, found 2 plugins.
Mono: successfully reloaded assembly
- Completed reload, in  1.401 seconds
Domain Reload Profiling:
	ReloadAssembly (1402ms)
		BeginReloadAssembly (170ms)
			ExecutionOrderSort (0ms)
			DisableScriptedObjects (6ms)
			BackupInstance (0ms)
			ReleaseScriptingObjects (0ms)
			CreateAndSetChildDomain (85ms)
		EndReloadAssembly (1154ms)
			LoadAssemblies (140ms)
			RebuildTransferFunctionScriptingTraits (0ms)
			SetupTypeCache (391ms)
			ReleaseScriptCaches (1ms)
			RebuildScriptCaches (66ms)
			SetupLoadedEditorAssemblies (382ms)
				LogAssemblyErrors (0ms)
				InitializePlatformSupportModulesInManaged (5ms)
				SetLoadedEditorAssemblies (1ms)
				RefreshPlugins (1ms)
				BeforeProcessingInitializeOnLoad (116ms)
				ProcessInitializeOnLoadAttributes (248ms)
				ProcessInitializeOnLoadMethodAttributes (10ms)
				AfterProcessingInitializeOnLoad (1ms)
				EditorAssembliesLoaded (0ms)
			ExecutionOrderSort2 (0ms)
			AwakeInstancesAfterBackupRestoration (18ms)
Platform modules already initialized, skipping
Refreshing native plugins compatible for Editor in 0.52 ms, found 2 plugins.
Preloading 0 native plugins for Editor in 0.00 ms.
Unloading 1866 Unused Serialized files (Serialized files now loaded: 0)
System memory in use before: 287.1 MB.
System memory in use after: 287.2 MB.

Unloading 33 unused Assets to reduce memory usage. Loaded Objects now: 2466.
Total: 3.293709 ms (FindLiveObjects: 0.187076 ms CreateObjectMapping: 0.054644 ms MarkObjects: 2.983070 ms  DeleteObjects: 0.067496 ms)

AssetImportParameters requested are different than current active one (requested -> active):
  custom:video-decoder-ogg-theora: a1e56fd34408186e4bbccfd4996cb3dc -> 
  custom:container-muxer-webm: aa71ff27fc2769a1b78a27578f13a17b -> 
  custom:container-demuxer-webm: 4f35f7cbe854078d1ac9338744f61a02 -> 
  custom:container-demuxer-ogg: 62fdf1f143b41e24485cea50d1cbac27 -> 
  custom:video-encoder-webm-vp8: eb34c28f22e8b96e1ab97ce403110664 -> 
  custom:framework-osx-AVFoundation: e770b220cccbd017edd2c1fefb359320 -> 
  custom:video-decoder-webm-vp8: 9c59270c3fd7afecdb556c50c9e8de78 -> 
  custom:audio-decoder-ogg-vorbis: bf7c407c2cedff20999df2af8eb42d56 -> 
  custom:audio-encoder-webm-vorbis: bf7c407c2cedff20999df2af8eb42d56 -> 
========================================================================
Received Import Request.
  Time since last request: 145.844250 seconds.
  path: Assets/Prefabs/JohnLemon.prefab
  artifactKey: Guid(400fd8c4985464ebe8d7bc64ad0ef674) Importer(815301076,1909f56bfc062723c751e8b465ee728b)
Start importing Assets/Prefabs/JohnLemon.prefab using Guid(400fd8c4985464ebe8d7bc64ad0ef674) Importer(815301076,1909f56bfc062723c751e8b465ee728b)  -> (artifact id: '61db8a9478e4665b4eaa4ec868d20899') in 0.117978 seconds 
  Import took 0.122655 seconds .

========================================================================
Received Import Request.
  Time since last request: 0.003066 seconds.
  path: Assets/Prefabs/JohnLemon.prefab
  artifactKey: Guid(400fd8c4985464ebe8d7bc64ad0ef674) Importer(815301076,1909f56bfc062723c751e8b465ee728b)
Start importing Assets/Prefabs/JohnLemon.prefab using Guid(400fd8c4985464ebe8d7bc64ad0ef674) Importer(815301076,1909f56bfc062723c751e8b465ee728b)  -> (artifact id: '61db8a9478e4665b4eaa4ec868d20899') in 0.031950 seconds 
  Import took 0.035899 seconds .

========================================================================
Received Prepare
Registering precompiled user dll's ...
Registered in 0.007849 seconds.
Begin MonoManager ReloadAssembly
Native extension for OSXStandalone target not found
Refreshing native plugins compatible for Editor in 0.69 ms, found 2 plugins.
Preloading 0 native plugins for Editor in 0.00 ms.
Refreshing native plugins compatible for Editor in 0.86 ms, found 2 plugins.
Mono: successfully reloaded assembly
- Completed reload, in  1.566 seconds
Domain Reload Profiling:
	ReloadAssembly (1566ms)
		BeginReloadAssembly (197ms)
			ExecutionOrderSort (0ms)
			DisableScriptedObjects (8ms)
			BackupInstance (0ms)
			ReleaseScriptingObjects (0ms)
			CreateAndSetChildDomain (96ms)
		EndReloadAssembly (1262ms)
			LoadAssemblies (128ms)
			RebuildTransferFunctionScriptingTraits (0ms)
			SetupTypeCache (412ms)
			ReleaseScriptCaches (1ms)
			RebuildScriptCaches (67ms)
			SetupLoadedEditorAssemblies (482ms)
				LogAssemblyErrors (0ms)
				InitializePlatformSupportModulesInManaged (7ms)
				SetLoadedEditorAssemblies (1ms)
				RefreshPlugins (1ms)
				BeforeProcessingInitializeOnLoad (130ms)
				ProcessInitializeOnLoadAttributes (333ms)
				ProcessInitializeOnLoadMethodAttributes (8ms)
				AfterProcessingInitializeOnLoad (1ms)
				EditorAssembliesLoaded (0ms)
			ExecutionOrderSort2 (0ms)
			AwakeInstancesAfterBackupRestoration (18ms)
Platform modules already initialized, skipping
Refreshing native plugins compatible for Editor in 0.59 ms, found 2 plugins.
Preloading 0 native plugins for Editor in 0.00 ms.
Unloading 1866 Unused Serialized files (Serialized files now loaded: 0)
System memory in use before: 287.3 MB.
System memory in use after: 287.5 MB.

Unloading 33 unused Assets to reduce memory usage. Loaded Objects now: 2480.
Total: 2.904836 ms (FindLiveObjects: 0.182404 ms CreateObjectMapping: 0.055905 ms MarkObjects: 2.642758 ms  DeleteObjects: 0.022754 ms)

AssetImportParameters requested are different than current active one (requested -> active):
  custom:video-decoder-ogg-theora: a1e56fd34408186e4bbccfd4996cb3dc -> 
  custom:container-muxer-webm: aa71ff27fc2769a1b78a27578f13a17b -> 
  custom:container-demuxer-webm: 4f35f7cbe854078d1ac9338744f61a02 -> 
  custom:container-demuxer-ogg: 62fdf1f143b41e24485cea50d1cbac27 -> 
  custom:video-encoder-webm-vp8: eb34c28f22e8b96e1ab97ce403110664 -> 
  custom:framework-osx-AVFoundation: e770b220cccbd017edd2c1fefb359320 -> 
  custom:video-decoder-webm-vp8: 9c59270c3fd7afecdb556c50c9e8de78 -> 
  custom:audio-decoder-ogg-vorbis: bf7c407c2cedff20999df2af8eb42d56 -> 
  custom:audio-encoder-webm-vorbis: bf7c407c2cedff20999df2af8eb42d56 -> 
========================================================================
Received Import Request.
  Time since last request: 157.143218 seconds.
  path: Assets/Scenes/MainScene.unity
  artifactKey: Guid(3dafa1211581546dcb111c1a25f12b82) Importer(815301076,1909f56bfc062723c751e8b465ee728b)
Start importing Assets/Scenes/MainScene.unity using Guid(3dafa1211581546dcb111c1a25f12b82) Importer(815301076,1909f56bfc062723c751e8b465ee728b)  -> (artifact id: '99a92181f6e2db1ed2ee71074b23dce0') in 0.015416 seconds 
  Import took 0.018978 seconds .

========================================================================
Received Import Request.
  Time since last request: 297.528198 seconds.
  path: Assets/Materials/Corridor/Window.mat
  artifactKey: Guid(5d7f4ca07121e414288c4908a4803bed) Importer(815301076,1909f56bfc062723c751e8b465ee728b)
Start importing Assets/Materials/Corridor/Window.mat using Guid(5d7f4ca07121e414288c4908a4803bed) Importer(815301076,1909f56bfc062723c751e8b465ee728b)  -> (artifact id: '3155e62b61d5bc1aa8347180b242f986') in 0.352018 seconds 
  Import took 0.359517 seconds .

========================================================================
Received Import Request.
  Time since last request: 0.003304 seconds.
  path: Assets/Materials/VFX/WaterDropSmall.mat
  artifactKey: Guid(c4d4365c3eeb8a54183f5af15699021d) Importer(815301076,1909f56bfc062723c751e8b465ee728b)
Start importing Assets/Materials/VFX/WaterDropSmall.mat using Guid(c4d4365c3eeb8a54183f5af15699021d) Importer(815301076,1909f56bfc062723c751e8b465ee728b)  -> (artifact id: '243a7f5e010d5df3b571d048a7211b62') in 0.111585 seconds 
  Import took 0.115901 seconds .

========================================================================
Received Import Request.
  Time since last request: 0.000296 seconds.
  path: Assets/Materials/BedRoom/Wardrobe.mat
  artifactKey: Guid(9e2335d028e7ab645970536c61cf4aac) Importer(815301076,1909f56bfc062723c751e8b465ee728b)
Start importing Assets/Materials/BedRoom/Wardrobe.mat using Guid(9e2335d028e7ab645970536c61cf4aac) Importer(815301076,1909f56bfc062723c751e8b465ee728b)  -> (artifact id: 'bb64d0196b5c7aac1f6393877a94a3cd') in 0.021601 seconds 
  Import took 0.025456 seconds .

========================================================================
Received Import Request.
  Time since last request: 0.000379 seconds.
  path: Assets/Materials/DiningRoom/Wall_Diningroom.mat
  artifactKey: Guid(af5618451dbad9c4a913f502e5c7df1e) Importer(815301076,1909f56bfc062723c751e8b465ee728b)
Start importing Assets/Materials/DiningRoom/Wall_Diningroom.mat using Guid(af5618451dbad9c4a913f502e5c7df1e) Importer(815301076,1909f56bfc062723c751e8b465ee728b)  -> (artifact id: 'cdfc52a501c0f6c9b89b5f41e58687cf') in 0.031208 seconds 
  Import took 0.034707 seconds .

========================================================================
Received Import Request.
  Time since last request: 0.000233 seconds.
  path: Assets/Materials/VFX/Skybox.mat
  artifactKey: Guid(6ee0d89101b323c4ea17b397eea7fb49) Importer(815301076,1909f56bfc062723c751e8b465ee728b)
Start importing Assets/Materials/VFX/Skybox.mat using Guid(6ee0d89101b323c4ea17b397eea7fb49) Importer(815301076,1909f56bfc062723c751e8b465ee728b)  -> (artifact id: '7b34456fae8ee3710249ce3fd7542545') in 0.194894 seconds 
  Import took 0.198102 seconds .

========================================================================
Received Import Request.
  Time since last request: 0.000301 seconds.
  path: Assets/Materials/BedRoom/Bedside.mat
  artifactKey: Guid(3c953e27c072d4148887dc773952671a) Importer(815301076,1909f56bfc062723c751e8b465ee728b)
Start importing Assets/Materials/BedRoom/Bedside.mat using Guid(3c953e27c072d4148887dc773952671a) Importer(815301076,1909f56bfc062723c751e8b465ee728b)  -> (artifact id: '2cc03030e0d4e04ec966fdb5405add7e') in 0.021026 seconds 
  Import took 0.024422 seconds .

========================================================================
Received Import Request.
  Time since last request: 0.000253 seconds.
  path: Assets/Models/Corridor/CeilingPlane.fbx
  artifactKey: Guid(4aa23393587d7204bbc9f4a30599bf61) Importer(815301076,1909f56bfc062723c751e8b465ee728b)
Start importing Assets/Models/Corridor/CeilingPlane.fbx using Guid(4aa23393587d7204bbc9f4a30599bf61) Importer(815301076,1909f56bfc062723c751e8b465ee728b)  -> (artifact id: 'de7445809f9f6532ea48abf1948a2c3d') in 0.087040 seconds 
  Import took 0.091395 seconds .

========================================================================
Received Import Request.
  Time since last request: 0.000471 seconds.
  path: Assets/Materials/Characters/JohnToon.mat
  artifactKey: Guid(a0f36fc0d25b946499ac2f95f2b6ab9b) Importer(815301076,1909f56bfc062723c751e8b465ee728b)
Start importing Assets/Materials/Characters/JohnToon.mat using Guid(a0f36fc0d25b946499ac2f95f2b6ab9b) Importer(815301076,1909f56bfc062723c751e8b465ee728b)  -> (artifact id: 'ff13ef5cc1b1c2f0cef17f8760b2e486') in 0.038925 seconds 
  Import took 0.043789 seconds .

========================================================================
Received Import Request.
  Time since last request: 0.000327 seconds.
  path: Assets/Materials/VFX/CandleFlame.mat
  artifactKey: Guid(d960d897cdc819041a73dceb80befb85) Importer(815301076,1909f56bfc062723c751e8b465ee728b)
Start importing Assets/Materials/VFX/CandleFlame.mat using Guid(d960d897cdc819041a73dceb80befb85) Importer(815301076,1909f56bfc062723c751e8b465ee728b)  -> (artifact id: '2996b59b2fc92d4cf47f12515dd6af9f') in 0.042863 seconds 
  Import took 0.046893 seconds .

========================================================================
Received Import Request.
  Time since last request: 0.000431 seconds.
  path: Assets/Materials/Bathroom/Pipes.mat
  artifactKey: Guid(b1512eb4ac821d144a9ed308b1f32108) Importer(815301076,1909f56bfc062723c751e8b465ee728b)
Start importing Assets/Materials/Bathroom/Pipes.mat using Guid(b1512eb4ac821d144a9ed308b1f32108) Importer(815301076,1909f56bfc062723c751e8b465ee728b)  -> (artifact id: '7cbee07e0598282a151513fd0b67072c') in 0.024377 seconds 
  Import took 0.029961 seconds .

========================================================================
Received Import Request.
  Time since last request: 0.000653 seconds.
  path: Assets/Models/Corridor/Wall_Corner_Interior.fbx
  artifactKey: Guid(9da5aa368549f3e4883e3ca4b3ed05b8) Importer(815301076,1909f56bfc062723c751e8b465ee728b)
Start importing Assets/Models/Corridor/Wall_Corner_Interior.fbx using Guid(9da5aa368549f3e4883e3ca4b3ed05b8) Importer(815301076,1909f56bfc062723c751e8b465ee728b)  -> (artifact id: 'fb7d1b8ac536d6e2a9c35b2c2c2d688f') in 0.063703 seconds 
  Import took 0.070493 seconds .

========================================================================
Received Import Request.
  Time since last request: 0.000317 seconds.
  path: Assets/Materials/DiningRoom/Table.mat
  artifactKey: Guid(147dac9aa1b5dd149a5ad652019e5ac8) Importer(815301076,1909f56bfc062723c751e8b465ee728b)
Start importing Assets/Materials/DiningRoom/Table.mat using Guid(147dac9aa1b5dd149a5ad652019e5ac8) Importer(815301076,1909f56bfc062723c751e8b465ee728b)  -> (artifact id: '9cb9db12016c6f110219caf3cfb1b10e') in 0.042385 seconds 
  Import took 0.047337 seconds .

========================================================================
Received Import Request.
  Time since last request: 0.000328 seconds.
  path: Assets/Materials/DiningRoom/Monster_Lamp.mat
  artifactKey: Guid(a63ef733125d6e04394962301d501be9) Importer(815301076,1909f56bfc062723c751e8b465ee728b)
Start importing Assets/Materials/DiningRoom/Monster_Lamp.mat using Guid(a63ef733125d6e04394962301d501be9) Importer(815301076,1909f56bfc062723c751e8b465ee728b)  -> (artifact id: 'a361db90396aef0841d39fab714e2350') in 0.030331 seconds 
  Import took 0.041347 seconds .

========================================================================
Received Import Request.
  Time since last request: 0.001023 seconds.
  path: Assets/Materials/Bathroom/Floor.mat
  artifactKey: Guid(8254b3265a6122b4d960969cacd74683) Importer(815301076,1909f56bfc062723c751e8b465ee728b)
Start importing Assets/Materials/Bathroom/Floor.mat using Guid(8254b3265a6122b4d960969cacd74683) Importer(815301076,1909f56bfc062723c751e8b465ee728b)  -> (artifact id: '7cc238c2665517e2ed8925d3d75c0839') in 0.075844 seconds 
  Import took 0.086949 seconds .

========================================================================
Received Import Request.
  Time since last request: 0.000495 seconds.
  path: Assets/Models/Corridor/Wall_Corner_Exterior_In.fbx
  artifactKey: Guid(ce7c02c9dadf6a6469afbcc32ab786ca) Importer(815301076,1909f56bfc062723c751e8b465ee728b)
Start importing Assets/Models/Corridor/Wall_Corner_Exterior_In.fbx using Guid(ce7c02c9dadf6a6469afbcc32ab786ca) Importer(815301076,1909f56bfc062723c751e8b465ee728b)  -> (artifact id: '939b05cc57bfa6c4cf5961f5525d9c7c') in 0.042580 seconds 
  Import took 0.048639 seconds .

========================================================================
Received Import Request.
  Time since last request: 0.000375 seconds.
  path: Assets/Models/Corridor/Wall_Corner_Exterior_Out.fbx
  artifactKey: Guid(8a4dc94854ea93147b8b87b7df72a8c1) Importer(815301076,1909f56bfc062723c751e8b465ee728b)
Start importing Assets/Models/Corridor/Wall_Corner_Exterior_Out.fbx using Guid(8a4dc94854ea93147b8b87b7df72a8c1) Importer(815301076,1909f56bfc062723c751e8b465ee728b)  -> (artifact id: 'd6fc5c0bf794cd5bdde9914e312fe432') in 0.046825 seconds 
  Import took 0.053733 seconds .

========================================================================
Received Import Request.
  Time since last request: 0.001015 seconds.
  path: Assets/Materials/VFX/Splash.mat
  artifactKey: Guid(e9f88b6d5b7b7f24c8b3dc6b70f06653) Importer(815301076,1909f56bfc062723c751e8b465ee728b)
Start importing Assets/Materials/VFX/Splash.mat using Guid(e9f88b6d5b7b7f24c8b3dc6b70f06653) Importer(815301076,1909f56bfc062723c751e8b465ee728b)  -> (artifact id: 'bd4a39016f417f27dd73ef185fed97f5') in 2.172701 seconds 
  Import took 2.177650 seconds .

========================================================================
Received Import Request.
  Time since last request: 0.000436 seconds.
  path: Assets/Models/Diningroom/Floor_Diningroom.fbx
  artifactKey: Guid(698328cb89c262d47803daf585012ed8) Importer(815301076,1909f56bfc062723c751e8b465ee728b)
Start importing Assets/Models/Diningroom/Floor_Diningroom.fbx using Guid(698328cb89c262d47803daf585012ed8) Importer(815301076,1909f56bfc062723c751e8b465ee728b)  -> (artifact id: '3f056d37cb1261567f0fd4fccf91bf5a') in 0.021845 seconds 
  Import took 0.025048 seconds .

========================================================================
Received Import Request.
  Time since last request: 0.000625 seconds.
  path: Assets/Materials/Corridor/Light.mat
  artifactKey: Guid(f8576e77e5ebf4b49ae5475f634ed53b) Importer(815301076,1909f56bfc062723c751e8b465ee728b)
Start importing Assets/Materials/Corridor/Light.mat using Guid(f8576e77e5ebf4b49ae5475f634ed53b) Importer(815301076,1909f56bfc062723c751e8b465ee728b)  -> (artifact id: '81b6407345d65a7d0dfca0a02557a313') in 0.024802 seconds 
  Import took 0.027895 seconds .

========================================================================
Received Import Request.
  Time since last request: 0.000637 seconds.
  path: Assets/Materials/Bathroom/Bathtub.mat
  artifactKey: Guid(b80a9d3765165844c9e6e6505f6d511c) Importer(815301076,1909f56bfc062723c751e8b465ee728b)
Start importing Assets/Materials/Bathroom/Bathtub.mat using Guid(b80a9d3765165844c9e6e6505f6d511c) Importer(815301076,1909f56bfc062723c751e8b465ee728b)  -> (artifact id: '0e00bd7abab3cf39d8ff689c10f78d9c') in 0.025315 seconds 
  Import took 0.029375 seconds .

========================================================================
Received Import Request.
  Time since last request: 0.000552 seconds.
  path: Assets/Materials/Bathroom/Mirror.mat
  artifactKey: Guid(3086cb16e9941b845ac6e853a3a4e5b4) Importer(815301076,1909f56bfc062723c751e8b465ee728b)
Start importing Assets/Materials/Bathroom/Mirror.mat using Guid(3086cb16e9941b845ac6e853a3a4e5b4) Importer(815301076,1909f56bfc062723c751e8b465ee728b)  -> (artifact id: '5368d599a951b5f9c5c20598d73c0ca3') in 0.022166 seconds 
  Import took 0.026696 seconds .

========================================================================
Received Import Request.
  Time since last request: 0.000324 seconds.
  path: Assets/Materials/Corridor/Light_Glass.mat
  artifactKey: Guid(d50d52e4c69a3cf45bf45594297ca6c4) Importer(815301076,1909f56bfc062723c751e8b465ee728b)
Start importing Assets/Materials/Corridor/Light_Glass.mat using Guid(d50d52e4c69a3cf45bf45594297ca6c4) Importer(815301076,1909f56bfc062723c751e8b465ee728b)  -> (artifact id: 'dd84c71b60913568256878524c9adf69') in 0.016092 seconds 
  Import took 0.019573 seconds .

========================================================================
Received Import Request.
  Time since last request: 0.000455 seconds.
  path: Assets/Materials/BedRoom/Bed.mat
  artifactKey: Guid(f9b5ce623b689d74d8e935a8c979ffc0) Importer(815301076,1909f56bfc062723c751e8b465ee728b)
Start importing Assets/Materials/BedRoom/Bed.mat using Guid(f9b5ce623b689d74d8e935a8c979ffc0) Importer(815301076,1909f56bfc062723c751e8b465ee728b)  -> (artifact id: 'fb6cfd5a5cb65500c73ca58e5cd8ca9f') in 0.018780 seconds 
  Import took 0.022026 seconds .

========================================================================
Received Import Request.
  Time since last request: 0.000413 seconds.
  path: Assets/Materials/BedRoom/Wall_Bedroom.mat
  artifactKey: Guid(a1d7f57e6086c9a4bb159a2e0cfb2228) Importer(815301076,1909f56bfc062723c751e8b465ee728b)
Start importing Assets/Materials/BedRoom/Wall_Bedroom.mat using Guid(a1d7f57e6086c9a4bb159a2e0cfb2228) Importer(815301076,1909f56bfc062723c751e8b465ee728b)  -> (artifact id: '9da062979fbdabcc332e839c793be72e') in 0.044492 seconds 
  Import took 0.048298 seconds .

========================================================================
Received Import Request.
  Time since last request: 0.000311 seconds.
  path: Assets/Materials/Characters/Ghost.mat
  artifactKey: Guid(8f87494fdf66565419fa381814c5129b) Importer(815301076,1909f56bfc062723c751e8b465ee728b)
Start importing Assets/Materials/Characters/Ghost.mat using Guid(8f87494fdf66565419fa381814c5129b) Importer(815301076,1909f56bfc062723c751e8b465ee728b)  -> (artifact id: 'aa7fca4b8d107db792e2a89c8ef56a39') in 0.027193 seconds 
  Import took 0.030507 seconds .

========================================================================
Received Import Request.
  Time since last request: 0.000344 seconds.
  path: Assets/Materials/VFX/PlaneFog.mat
  artifactKey: Guid(061fb137bedaf3e4fad039b9006afa93) Importer(815301076,1909f56bfc062723c751e8b465ee728b)
Start importing Assets/Materials/VFX/PlaneFog.mat using Guid(061fb137bedaf3e4fad039b9006afa93) Importer(815301076,1909f56bfc062723c751e8b465ee728b)  -> (artifact id: 'cbf1cc6c48dce9104163bf9b4d93965b') in 0.013970 seconds 
  Import took 0.017060 seconds .

========================================================================
Received Import Request.
  Time since last request: 0.000361 seconds.
  path: Assets/Materials/VFX/Emissive.mat
  artifactKey: Guid(effb672a2c71f0c40b7b1960d798968a) Importer(815301076,1909f56bfc062723c751e8b465ee728b)
Start importing Assets/Materials/VFX/Emissive.mat using Guid(effb672a2c71f0c40b7b1960d798968a) Importer(815301076,1909f56bfc062723c751e8b465ee728b)  -> (artifact id: '422c6a3f75b9da0af2862d2e86c90d6b') in 0.010765 seconds 
  Import took 0.013727 seconds .

========================================================================
Received Import Request.
  Time since last request: 0.000505 seconds.
  path: Assets/Materials/DiningRoom/Fireplace.mat
  artifactKey: Guid(544283c42b7173849a938d1ac4cd9568) Importer(815301076,1909f56bfc062723c751e8b465ee728b)
Start importing Assets/Materials/DiningRoom/Fireplace.mat using Guid(544283c42b7173849a938d1ac4cd9568) Importer(815301076,1909f56bfc062723c751e8b465ee728b)  -> (artifact id: 'a261c653cefd42e679860f6430dc7214') in 0.030090 seconds 
  Import took 0.034093 seconds .

========================================================================
Received Import Request.
  Time since last request: 0.000380 seconds.
  path: Assets/Models/Corridor/Wall_Straight_02.fbx
  artifactKey: Guid(241f3dc7f2ed74d40a90ce43df5e2f23) Importer(815301076,1909f56bfc062723c751e8b465ee728b)
Start importing Assets/Models/Corridor/Wall_Straight_02.fbx using Guid(241f3dc7f2ed74d40a90ce43df5e2f23) Importer(815301076,1909f56bfc062723c751e8b465ee728b)  -> (artifact id: '44ee563a90b9591613a920487a612028') in 0.037728 seconds 
  Import took 0.041368 seconds .

========================================================================
Received Import Request.
  Time since last request: 0.000521 seconds.
  path: Assets/Materials/Bathroom/Bathtub_Leg.mat
  artifactKey: Guid(11bfd79fc51953c41bdf8fde66fa099f) Importer(815301076,1909f56bfc062723c751e8b465ee728b)
Start importing Assets/Materials/Bathroom/Bathtub_Leg.mat using Guid(11bfd79fc51953c41bdf8fde66fa099f) Importer(815301076,1909f56bfc062723c751e8b465ee728b)  -> (artifact id: '7060ddfcd6cf50177e83d3d53e4d1f7e') in 0.016039 seconds 
  Import took 0.019251 seconds .

========================================================================
Received Import Request.
  Time since last request: 0.000479 seconds.
  path: Assets/Materials/VFX/DustMote.mat
  artifactKey: Guid(e27a3e2f84809914fa5bf3a7ac14ce9f) Importer(815301076,1909f56bfc062723c751e8b465ee728b)
Start importing Assets/Materials/VFX/DustMote.mat using Guid(e27a3e2f84809914fa5bf3a7ac14ce9f) Importer(815301076,1909f56bfc062723c751e8b465ee728b)  -> (artifact id: '076da7ce7b1bdd56a5650e53f53086fd') in 0.040046 seconds 
  Import took 0.043249 seconds .

========================================================================
Received Import Request.
  Time since last request: 0.000507 seconds.
  path: Assets/Materials/Characters/JohnPBR.mat
  artifactKey: Guid(ec8dc473ea10be74bada0165e17a99d9) Importer(815301076,1909f56bfc062723c751e8b465ee728b)
Start importing Assets/Materials/Characters/JohnPBR.mat using Guid(ec8dc473ea10be74bada0165e17a99d9) Importer(815301076,1909f56bfc062723c751e8b465ee728b)  -> (artifact id: 'ff0349b3e8b99f9637de991c60d0334e') in 0.023014 seconds 
  Import took 0.026141 seconds .

========================================================================
Received Import Request.
  Time since last request: 0.000340 seconds.
  path: Assets/Materials/Bathroom/Radiator.mat
  artifactKey: Guid(2d63e5640f378c04ebe27363eb0fff0c) Importer(815301076,1909f56bfc062723c751e8b465ee728b)
Start importing Assets/Materials/Bathroom/Radiator.mat using Guid(2d63e5640f378c04ebe27363eb0fff0c) Importer(815301076,1909f56bfc062723c751e8b465ee728b)  -> (artifact id: '0e0236c0e9f59cd20a26b23333b13950') in 0.021333 seconds 
  Import took 0.024785 seconds .

========================================================================
Received Import Request.
  Time since last request: 0.000395 seconds.
  path: Assets/Materials/Bathroom/BathtubLeg.mat
  artifactKey: Guid(d7e2196a7a474e74fba16ada321c14f2) Importer(815301076,1909f56bfc062723c751e8b465ee728b)
Start importing Assets/Materials/Bathroom/BathtubLeg.mat using Guid(d7e2196a7a474e74fba16ada321c14f2) Importer(815301076,1909f56bfc062723c751e8b465ee728b)  -> (artifact id: '5c92817e2b9d55a4b2eb857b955fe843') in 0.014187 seconds 
  Import took 0.019800 seconds .

========================================================================
Received Import Request.
  Time since last request: 0.000578 seconds.
  path: Assets/Materials/VFX/Steam.mat
  artifactKey: Guid(4cd7f6cf6430b2347803bd0c957fbbce) Importer(815301076,1909f56bfc062723c751e8b465ee728b)
Start importing Assets/Materials/VFX/Steam.mat using Guid(4cd7f6cf6430b2347803bd0c957fbbce) Importer(815301076,1909f56bfc062723c751e8b465ee728b)  -> (artifact id: '24080dd5cd64f8964c06fa4fe5bdded5') in 0.048901 seconds 
  Import took 0.053242 seconds .

========================================================================
Received Import Request.
  Time since last request: 0.000449 seconds.
  path: Assets/Materials/Bathroom/Wall_Bathroom.mat
  artifactKey: Guid(785750043eaf5004da3d0b54f39941c1) Importer(815301076,1909f56bfc062723c751e8b465ee728b)
Start importing Assets/Materials/Bathroom/Wall_Bathroom.mat using Guid(785750043eaf5004da3d0b54f39941c1) Importer(815301076,1909f56bfc062723c751e8b465ee728b)  -> (artifact id: '2d705ce9c21d7d144ca5e4bf181a22f6') in 0.022898 seconds 
  Import took 0.025951 seconds .

========================================================================
Received Import Request.
  Time since last request: 0.000522 seconds.
  path: Assets/Materials/Bathroom/Sink.mat
  artifactKey: Guid(7dc883052ccb59842a9c6b10113e1470) Importer(815301076,1909f56bfc062723c751e8b465ee728b)
Start importing Assets/Materials/Bathroom/Sink.mat using Guid(7dc883052ccb59842a9c6b10113e1470) Importer(815301076,1909f56bfc062723c751e8b465ee728b)  -> (artifact id: '121f2da60d9096e3b96eead235ff31bc') in 0.036715 seconds 
  Import took 0.040508 seconds .

========================================================================
Received Import Request.
  Time since last request: 0.000340 seconds.
  path: Assets/Materials/Corridor/PictureFrame.mat
  artifactKey: Guid(e709f83e862ff314e8258b7a60c45ce2) Importer(815301076,1909f56bfc062723c751e8b465ee728b)
Start importing Assets/Materials/Corridor/PictureFrame.mat using Guid(e709f83e862ff314e8258b7a60c45ce2) Importer(815301076,1909f56bfc062723c751e8b465ee728b)  -> (artifact id: 'aa594dcaf48109f91a6ce36b5a2e073a') in 0.027779 seconds 
  Import took 0.031861 seconds .

========================================================================
Received Import Request.
  Time since last request: 0.000440 seconds.
  path: Assets/Materials/Characters/Gargoyle.mat
  artifactKey: Guid(380abfdf82677234e922db7133b0e63c) Importer(815301076,1909f56bfc062723c751e8b465ee728b)
Start importing Assets/Materials/Characters/Gargoyle.mat using Guid(380abfdf82677234e922db7133b0e63c) Importer(815301076,1909f56bfc062723c751e8b465ee728b)  -> (artifact id: '2a7389655ac57f567d1a13ee9a07c31c') in 0.034337 seconds 
  Import took 0.037303 seconds .

========================================================================
Received Import Request.
  Time since last request: 0.000509 seconds.
  path: Assets/Materials/Corridor/Rugs.mat
  artifactKey: Guid(f5b8db6c5de6a6a4984f8dd09c302b59) Importer(815301076,1909f56bfc062723c751e8b465ee728b)
Start importing Assets/Materials/Corridor/Rugs.mat using Guid(f5b8db6c5de6a6a4984f8dd09c302b59) Importer(815301076,1909f56bfc062723c751e8b465ee728b)  -> (artifact id: '1dfe824f856942411b1125e6b8d8d4f1') in 0.031880 seconds 
  Import took 0.035413 seconds .

========================================================================
Received Import Request.
  Time since last request: 0.000358 seconds.
  path: Assets/Models/Corridor/FloorPlane.fbx
  artifactKey: Guid(79ec22444806b2e4dafc0b51ad057fa1) Importer(815301076,1909f56bfc062723c751e8b465ee728b)
Start importing Assets/Models/Corridor/FloorPlane.fbx using Guid(79ec22444806b2e4dafc0b51ad057fa1) Importer(815301076,1909f56bfc062723c751e8b465ee728b)  -> (artifact id: '83395d5081ca493bdd17a251b98a9c1a') in 0.020704 seconds 
  Import took 0.024126 seconds .

========================================================================
Received Import Request.
  Time since last request: 0.000347 seconds.
  path: Assets/Materials/Corridor/Wall_Corridor.mat
  artifactKey: Guid(b6a0ac0240204cb4ea4b84d1e2dab2b5) Importer(815301076,1909f56bfc062723c751e8b465ee728b)
Start importing Assets/Materials/Corridor/Wall_Corridor.mat using Guid(b6a0ac0240204cb4ea4b84d1e2dab2b5) Importer(815301076,1909f56bfc062723c751e8b465ee728b)  -> (artifact id: 'b6254c4c17b737e6c1811d5a1153155d') in 0.015494 seconds 
  Import took 0.018766 seconds .

========================================================================
Received Import Request.
  Time since last request: 0.000553 seconds.
  path: Assets/Materials/BedRoom/Floor.mat
  artifactKey: Guid(2bfd182a00290924abf99a86daf1e23c) Importer(815301076,1909f56bfc062723c751e8b465ee728b)
Start importing Assets/Materials/BedRoom/Floor.mat using Guid(2bfd182a00290924abf99a86daf1e23c) Importer(815301076,1909f56bfc062723c751e8b465ee728b)  -> (artifact id: '6fa91ca145e0497394a2169645cb1471') in 0.061890 seconds 
  Import took 0.065552 seconds .

========================================================================
Received Import Request.
  Time since last request: 0.000414 seconds.
  path: Assets/Materials/Corridor/Door_Post.mat
  artifactKey: Guid(78a0737fcaa84b14d9527b1565fc5488) Importer(815301076,1909f56bfc062723c751e8b465ee728b)
Start importing Assets/Materials/Corridor/Door_Post.mat using Guid(78a0737fcaa84b14d9527b1565fc5488) Importer(815301076,1909f56bfc062723c751e8b465ee728b)  -> (artifact id: '1bc0ab582057b88d27d424f9a6bde749') in 0.026557 seconds 
  Import took 0.030106 seconds .

========================================================================
Received Import Request.
  Time since last request: 0.000575 seconds.
  path: Assets/Materials/Corridor/Floor.mat
  artifactKey: Guid(059e99a55d1d3614ebfbdffbbe2e3e25) Importer(815301076,1909f56bfc062723c751e8b465ee728b)
Start importing Assets/Materials/Corridor/Floor.mat using Guid(059e99a55d1d3614ebfbdffbbe2e3e25) Importer(815301076,1909f56bfc062723c751e8b465ee728b)  -> (artifact id: 'e43230ded4c1aa3829eddfbc0fcb2589') in 0.025820 seconds 
  Import took 0.031809 seconds .

========================================================================
Received Import Request.
  Time since last request: 0.000715 seconds.
  path: Assets/Materials/Characters/Light_Cone.mat
  artifactKey: Guid(98a5d7f03b88cef44932b3206c7bd8db) Importer(815301076,1909f56bfc062723c751e8b465ee728b)
Start importing Assets/Materials/Characters/Light_Cone.mat using Guid(98a5d7f03b88cef44932b3206c7bd8db) Importer(815301076,1909f56bfc062723c751e8b465ee728b)  -> (artifact id: 'e0a62dd670083abb64915ef8ece36933') in 0.020528 seconds 
  Import took 0.024944 seconds .

========================================================================
Received Import Request.
  Time since last request: 0.000424 seconds.
  path: Assets/Models/Corridor/Wall_Straight_01.fbx
  artifactKey: Guid(ca04dfc6bbf3c2e4a9601d58495fff52) Importer(815301076,1909f56bfc062723c751e8b465ee728b)
Start importing Assets/Models/Corridor/Wall_Straight_01.fbx using Guid(ca04dfc6bbf3c2e4a9601d58495fff52) Importer(815301076,1909f56bfc062723c751e8b465ee728b)  -> (artifact id: '914655e061c9c40c2ffad5ea21f40482') in 0.035134 seconds 
  Import took 0.038123 seconds .

========================================================================
Received Import Request.
  Time since last request: 0.000612 seconds.
  path: Assets/Materials/DiningRoom/Floor.mat
  artifactKey: Guid(060e5db52eac3d945bda1acfb5e7c4bb) Importer(815301076,1909f56bfc062723c751e8b465ee728b)
Start importing Assets/Materials/DiningRoom/Floor.mat using Guid(060e5db52eac3d945bda1acfb5e7c4bb) Importer(815301076,1909f56bfc062723c751e8b465ee728b)  -> (artifact id: 'b0ad41d4daf7bc3f1a98930c0dbd1bdf') in 0.045837 seconds 
  Import took 0.049821 seconds .

========================================================================
Received Import Request.
  Time since last request: 0.000553 seconds.
  path: Assets/Materials/Bathroom/Walls.mat
  artifactKey: Guid(9dab67fd89e742e45a9d885d6e1e14a2) Importer(815301076,1909f56bfc062723c751e8b465ee728b)
Start importing Assets/Materials/Bathroom/Walls.mat using Guid(9dab67fd89e742e45a9d885d6e1e14a2) Importer(815301076,1909f56bfc062723c751e8b465ee728b)  -> (artifact id: '8d8d7c3a8d702771806b7b0414764aec') in 0.021027 seconds 
  Import took 0.026219 seconds .

========================================================================
Received Prepare
Registering precompiled user dll's ...
Registered in 0.015025 seconds.
Begin MonoManager ReloadAssembly
Native extension for OSXStandalone target not found
Refreshing native plugins compatible for Editor in 0.94 ms, found 2 plugins.
Preloading 0 native plugins for Editor in 0.00 ms.
Refreshing native plugins compatible for Editor in 0.51 ms, found 2 plugins.
Mono: successfully reloaded assembly
- Completed reload, in  1.505 seconds
Domain Reload Profiling:
	ReloadAssembly (1506ms)
		BeginReloadAssembly (237ms)
			ExecutionOrderSort (0ms)
			DisableScriptedObjects (10ms)
			BackupInstance (0ms)
			ReleaseScriptingObjects (0ms)
			CreateAndSetChildDomain (142ms)
		EndReloadAssembly (1195ms)
			LoadAssemblies (164ms)
			RebuildTransferFunctionScriptingTraits (0ms)
			SetupTypeCache (398ms)
			ReleaseScriptCaches (1ms)
			RebuildScriptCaches (59ms)
			SetupLoadedEditorAssemblies (412ms)
				LogAssemblyErrors (0ms)
				InitializePlatformSupportModulesInManaged (7ms)
				SetLoadedEditorAssemblies (1ms)
				RefreshPlugins (1ms)
				BeforeProcessingInitializeOnLoad (121ms)
				ProcessInitializeOnLoadAttributes (272ms)
				ProcessInitializeOnLoadMethodAttributes (8ms)
				AfterProcessingInitializeOnLoad (2ms)
				EditorAssembliesLoaded (0ms)
			ExecutionOrderSort2 (0ms)
			AwakeInstancesAfterBackupRestoration (18ms)
Platform modules already initialized, skipping
Refreshing native plugins compatible for Editor in 0.52 ms, found 2 plugins.
Preloading 0 native plugins for Editor in 0.00 ms.
Unloading 1866 Unused Serialized files (Serialized files now loaded: 0)
System memory in use before: 292.2 MB.
System memory in use after: 292.3 MB.

Unloading 33 unused Assets to reduce memory usage. Loaded Objects now: 2527.
Total: 3.225563 ms (FindLiveObjects: 0.229913 ms CreateObjectMapping: 0.061863 ms MarkObjects: 2.888516 ms  DeleteObjects: 0.043919 ms)

AssetImportParameters requested are different than current active one (requested -> active):
  custom:video-decoder-ogg-theora: a1e56fd34408186e4bbccfd4996cb3dc -> 
  custom:container-muxer-webm: aa71ff27fc2769a1b78a27578f13a17b -> 
  custom:container-demuxer-webm: 4f35f7cbe854078d1ac9338744f61a02 -> 
  custom:container-demuxer-ogg: 62fdf1f143b41e24485cea50d1cbac27 -> 
  custom:video-encoder-webm-vp8: eb34c28f22e8b96e1ab97ce403110664 -> 
  custom:framework-osx-AVFoundation: e770b220cccbd017edd2c1fefb359320 -> 
  custom:video-decoder-webm-vp8: 9c59270c3fd7afecdb556c50c9e8de78 -> 
  custom:audio-decoder-ogg-vorbis: bf7c407c2cedff20999df2af8eb42d56 -> 
  custom:audio-encoder-webm-vorbis: bf7c407c2cedff20999df2af8eb42d56 -> 
========================================================================
Received Import Request.
  Time since last request: 630.161455 seconds.
  path: ProjectSettings/TagManager.asset
  artifactKey: Guid(00000000000000003000000000000000) Importer(815301076,1909f56bfc062723c751e8b465ee728b)
Start importing ProjectSettings/TagManager.asset using Guid(00000000000000003000000000000000) Importer(815301076,1909f56bfc062723c751e8b465ee728b)  -> (artifact id: '95df672b4aaba54310d34c83eef51bb8') in 0.019738 seconds 
  Import took 0.024763 seconds .

